<?xml version="1.0" encoding="UTF-8"?>
<!-- Generated by org.testng.reporters.JUnitReportReporter -->
<testsuite hostname="MadhaviPoreddy" failures="9" tests="103" name="com.dsalgo.automation.runners.TestRunner" time="2283.222" errors="0" timestamp="2025-04-23T06:13:48 EDT" skipped="0">
  <testcase classname="com.dsalgo.automation.runners.TestRunner" name="runScenario" time="29.199"/>
  <system-out/>
  <testcase classname="com.dsalgo.automation.runners.TestRunner" name="runScenario" time="11.472"/>
  <system-out/>
  <testcase classname="com.dsalgo.automation.runners.TestRunner" name="runScenario" time="25.910"/>
  <system-out/>
  <testcase classname="com.dsalgo.automation.runners.TestRunner" name="runScenario" time="45.692">
    <failure message="Test Case Failed : Expected output is not matching with Actual output expected [ No tests were collected] but found [No tests were collected]" type="java.lang.AssertionError">
      <![CDATA[java.lang.AssertionError: Test Case Failed : Expected output is not matching with Actual output expected [ No tests were collected] but found [No tests were collected]
at org.testng.Assert.fail(Assert.java:99)
at org.testng.Assert.failNotEquals(Assert.java:1037)
at org.testng.Assert.assertEqualsImpl(Assert.java:140)
at org.testng.Assert.assertEquals(Assert.java:122)
at org.testng.Assert.assertEquals(Assert.java:629)
at com.dsalgo.automation.stepdefinations.ArrayStepDef.the_user_is_able_to_see_error_message_No_tests_were_Collected(ArrayStepDef.java:499)
at ✽.The user should be able to see error message No tests were Collected(file:///C:/Users/mpore/eclipse-workspace/DSAlgo_March2025/src/test/resources/features/Arrays.feature:306)
]]>
    </failure>
  </testcase> <!-- runScenario -->
  <system-out/>
  <testcase classname="com.dsalgo.automation.runners.TestRunner" name="runScenario" time="23.027"/>
  <system-out/>
  <testcase classname="com.dsalgo.automation.runners.TestRunner" name="runScenario" time="22.485"/>
  <system-out/>
  <testcase classname="com.dsalgo.automation.runners.TestRunner" name="runScenario" time="17.297"/>
  <system-out/>
  <testcase classname="com.dsalgo.automation.runners.TestRunner" name="runScenario" time="21.598"/>
  <system-out/>
  <testcase classname="com.dsalgo.automation.runners.TestRunner" name="runScenario" time="28.034">
    <failure message="Test Case Failed : Expected output is not matching with Actual output expected [ No tests were collected] but found [No tests were collected]" type="java.lang.AssertionError">
      <![CDATA[java.lang.AssertionError: Test Case Failed : Expected output is not matching with Actual output expected [ No tests were collected] but found [No tests were collected]
at org.testng.Assert.fail(Assert.java:99)
at org.testng.Assert.failNotEquals(Assert.java:1037)
at org.testng.Assert.assertEqualsImpl(Assert.java:140)
at org.testng.Assert.assertEquals(Assert.java:122)
at org.testng.Assert.assertEquals(Assert.java:629)
at com.dsalgo.automation.stepdefinations.ArrayStepDef.the_user_is_able_to_see_error_message_No_tests_were_Collected(ArrayStepDef.java:499)
at ✽.The user should be able to see error message No tests were Collected(file:///C:/Users/mpore/eclipse-workspace/DSAlgo_March2025/src/test/resources/features/Arrays.feature:324)
]]>
    </failure>
  </testcase> <!-- runScenario -->
  <system-out/>
  <testcase classname="com.dsalgo.automation.runners.TestRunner" name="runScenario" time="24.206"/>
  <system-out/>
  <testcase classname="com.dsalgo.automation.runners.TestRunner" name="runScenario" time="19.911"/>
  <system-out/>
  <testcase classname="com.dsalgo.automation.runners.TestRunner" name="runScenario" time="24.089">
    <failure message="Test Case Failed : Expected and Actual results are not matching expected [ No tests were collected] but found [Submission Successful]" type="java.lang.AssertionError">
      <![CDATA[java.lang.AssertionError: Test Case Failed : Expected and Actual results are not matching expected [ No tests were collected] but found [Submission Successful]
at org.testng.Assert.fail(Assert.java:99)
at org.testng.Assert.failNotEquals(Assert.java:1037)
at org.testng.Assert.assertEqualsImpl(Assert.java:140)
at org.testng.Assert.assertEquals(Assert.java:122)
at org.testng.Assert.assertEquals(Assert.java:629)
at com.dsalgo.automation.stepdefinations.ArrayStepDef.the_user_is_not_able_to_see_Submission_success_message_for_SquaresofSortedArray_code(ArrayStepDef.java:463)
at ✽.The user is not able to see success message Submission successful for Squares of a Sorted Array code(file:///C:/Users/mpore/eclipse-workspace/DSAlgo_March2025/src/test/resources/features/Arrays.feature:312)
]]>
    </failure>
  </testcase> <!-- runScenario -->
  <system-out/>
  <testcase classname="com.dsalgo.automation.runners.TestRunner" name="runScenario" time="23.916"/>
  <system-out/>
  <testcase classname="com.dsalgo.automation.runners.TestRunner" name="runScenario" time="31.872"/>
  <system-out/>
  <testcase classname="com.dsalgo.automation.runners.TestRunner" name="runScenario" time="23.039"/>
  <system-out/>
  <testcase classname="com.dsalgo.automation.runners.TestRunner" name="runScenario" time="16.770"/>
  <system-out/>
  <testcase classname="com.dsalgo.automation.runners.TestRunner" name="runScenario" time="30.528"/>
  <system-out/>
  <testcase classname="com.dsalgo.automation.runners.TestRunner" name="runScenario" time="18.780"/>
  <system-out/>
  <testcase classname="com.dsalgo.automation.runners.TestRunner" name="runScenario" time="23.438"/>
  <system-out/>
  <testcase classname="com.dsalgo.automation.runners.TestRunner" name="runScenario" time="23.204">
    <failure message="Test case Failed: Out put from console is not matched with the expected output expected [] but found [Submission Successful]" type="java.lang.AssertionError">
      <![CDATA[java.lang.AssertionError: Test case Failed: Out put from console is not matched with the expected output expected [] but found [Submission Successful]
at org.testng.Assert.fail(Assert.java:99)
at org.testng.Assert.failNotEquals(Assert.java:1037)
at org.testng.Assert.assertEqualsImpl(Assert.java:140)
at org.testng.Assert.assertEquals(Assert.java:122)
at org.testng.Assert.assertEquals(Assert.java:629)
at com.dsalgo.automation.stepdefinations.ArrayStepDef.the_user_is_not_able_to_see_Submission_success_message(ArrayStepDef.java:335)
at ✽.The user is not able to see success message Submission successful(file:///C:/Users/mpore/eclipse-workspace/DSAlgo_March2025/src/test/resources/features/Arrays.feature:228)
]]>
    </failure>
  </testcase> <!-- runScenario -->
  <system-out/>
  <testcase classname="com.dsalgo.automation.runners.TestRunner" name="runScenario" time="19.438"/>
  <system-out/>
  <testcase classname="com.dsalgo.automation.runners.TestRunner" name="runScenario" time="13.644"/>
  <system-out/>
  <testcase classname="com.dsalgo.automation.runners.TestRunner" name="runScenario" time="29.627"/>
  <system-out/>
  <testcase classname="com.dsalgo.automation.runners.TestRunner" name="runScenario" time="18.245"/>
  <system-out/>
  <testcase classname="com.dsalgo.automation.runners.TestRunner" name="runScenario" time="26.609"/>
  <system-out/>
  <testcase classname="com.dsalgo.automation.runners.TestRunner" name="runScenario" time="28.836"/>
  <system-out/>
  <testcase classname="com.dsalgo.automation.runners.TestRunner" name="runScenario" time="23.070"/>
  <system-out/>
  <testcase classname="com.dsalgo.automation.runners.TestRunner" name="runScenario" time="19.262"/>
  <system-out/>
  <testcase classname="com.dsalgo.automation.runners.TestRunner" name="runScenario" time="24.685"/>
  <system-out/>
  <testcase classname="com.dsalgo.automation.runners.TestRunner" name="runScenario" time="30.564"/>
  <system-out/>
  <testcase classname="com.dsalgo.automation.runners.TestRunner" name="runScenario" time="33.129"/>
  <system-out/>
  <testcase classname="com.dsalgo.automation.runners.TestRunner" name="runScenario" time="19.902"/>
  <system-out/>
  <testcase classname="com.dsalgo.automation.runners.TestRunner" name="runScenario" time="28.603"/>
  <system-out/>
  <testcase classname="com.dsalgo.automation.runners.TestRunner" name="runScenario" time="19.636"/>
  <system-out/>
  <testcase classname="com.dsalgo.automation.runners.TestRunner" name="runScenario" time="18.796"/>
  <system-out/>
  <testcase classname="com.dsalgo.automation.runners.TestRunner" name="runScenario" time="21.027">
    <failure message="Test Case Failed: Title of the page is not matched with Expected Title expected [www.javatpoint.com] but found [type of the linked list]" type="java.lang.AssertionError">
      <![CDATA[java.lang.AssertionError: Test Case Failed: Title of the page is not matched with Expected Title expected [www.javatpoint.com] but found [type of the linked list]
at org.testng.Assert.fail(Assert.java:99)
at org.testng.Assert.failNotEquals(Assert.java:1037)
at org.testng.Assert.assertEqualsImpl(Assert.java:140)
at org.testng.Assert.assertEquals(Assert.java:122)
at org.testng.Assert.assertEquals(Assert.java:629)
at com.dsalgo.automation.stepdefinations.LinkedListStepDef.the_user_should_be_redirected_to_typesof_Linked_List_page_through_link(LinkedListStepDef.java:197)
at ✽.The user should be redirected to type of the linked list page(file:///C:/Users/mpore/eclipse-workspace/DSAlgo_March2025/src/test/resources/features/LinkedList.feature:120)
]]>
    </failure>
  </testcase> <!-- runScenario -->
  <system-out/>
  <testcase classname="com.dsalgo.automation.runners.TestRunner" name="runScenario" time="22.515"/>
  <system-out/>
  <testcase classname="com.dsalgo.automation.runners.TestRunner" name="runScenario" time="24.791"/>
  <system-out/>
  <testcase classname="com.dsalgo.automation.runners.TestRunner" name="runScenario" time="23.595"/>
  <system-out/>
  <testcase classname="com.dsalgo.automation.runners.TestRunner" name="runScenario" time="12.184"/>
  <system-out/>
  <testcase classname="com.dsalgo.automation.runners.TestRunner" name="runScenario" time="26.585"/>
  <system-out/>
  <testcase classname="com.dsalgo.automation.runners.TestRunner" name="runScenario" time="19.542"/>
  <system-out/>
  <testcase classname="com.dsalgo.automation.runners.TestRunner" name="runScenario" time="22.879"/>
  <system-out/>
  <testcase classname="com.dsalgo.automation.runners.TestRunner" name="runScenario" time="19.840"/>
  <system-out/>
  <testcase classname="com.dsalgo.automation.runners.TestRunner" name="runScenario" time="18.271"/>
  <system-out/>
  <testcase classname="com.dsalgo.automation.runners.TestRunner" name="runScenario" time="16.475">
    <failure message="&quot;Test failed:Page title is not matched with Actual Title expected [linked list] but found [www.javatpoint.com]" type="java.lang.AssertionError">
      <![CDATA[java.lang.AssertionError: "Test failed:Page title is not matched with Actual Title expected [linked list] but found [www.javatpoint.com]
at org.testng.Assert.fail(Assert.java:99)
at org.testng.Assert.failNotEquals(Assert.java:1037)
at org.testng.Assert.assertEqualsImpl(Assert.java:140)
at org.testng.Assert.assertEquals(Assert.java:122)
at org.testng.Assert.assertEquals(Assert.java:629)
at com.dsalgo.automation.stepdefinations.LinkedListStepDef.the_user_should_be_redirected_to_Linked_List_page_through_Linkedlist_hyperlink(LinkedListStepDef.java:167)
at ✽.The user should be redirected to linked list link page(file:///C:/Users/mpore/eclipse-workspace/DSAlgo_March2025/src/test/resources/features/LinkedList.feature:108)
]]>
    </failure>
  </testcase> <!-- runScenario -->
  <system-out/>
  <testcase classname="com.dsalgo.automation.runners.TestRunner" name="runScenario" time="33.056"/>
  <system-out/>
  <testcase classname="com.dsalgo.automation.runners.TestRunner" name="runScenario" time="16.972"/>
  <system-out/>
  <testcase classname="com.dsalgo.automation.runners.TestRunner" name="runScenario" time="24.380"/>
  <system-out/>
  <testcase classname="com.dsalgo.automation.runners.TestRunner" name="runScenario" time="22.881"/>
  <system-out/>
  <testcase classname="com.dsalgo.automation.runners.TestRunner" name="runScenario" time="22.840"/>
  <system-out/>
  <testcase classname="com.dsalgo.automation.runners.TestRunner" name="runScenario" time="19.566"/>
  <system-out/>
  <testcase classname="com.dsalgo.automation.runners.TestRunner" name="runScenario" time="26.846"/>
  <system-out/>
  <testcase classname="com.dsalgo.automation.runners.TestRunner" name="runScenario" time="31.368"/>
  <system-out/>
  <testcase classname="com.dsalgo.automation.runners.TestRunner" name="runScenario" time="11.887"/>
  <system-out/>
  <testcase classname="com.dsalgo.automation.runners.TestRunner" name="runScenario" time="20.795"/>
  <system-out/>
  <testcase classname="com.dsalgo.automation.runners.TestRunner" name="runScenario" time="18.961"/>
  <system-out/>
  <testcase classname="com.dsalgo.automation.runners.TestRunner" name="runScenario" time="19.816"/>
  <system-out/>
  <testcase classname="com.dsalgo.automation.runners.TestRunner" name="runScenario" time="11.812"/>
  <system-out/>
  <testcase classname="com.dsalgo.automation.runners.TestRunner" name="runScenario" time="18.758"/>
  <system-out/>
  <testcase classname="com.dsalgo.automation.runners.TestRunner" name="runScenario" time="20.105"/>
  <system-out/>
  <testcase classname="com.dsalgo.automation.runners.TestRunner" name="runScenario" time="20.603"/>
  <system-out/>
  <testcase classname="com.dsalgo.automation.runners.TestRunner" name="runScenario" time="19.496"/>
  <system-out/>
  <testcase classname="com.dsalgo.automation.runners.TestRunner" name="runScenario" time="28.627"/>
  <system-out/>
  <testcase classname="com.dsalgo.automation.runners.TestRunner" name="runScenario" time="19.519"/>
  <system-out/>
  <testcase classname="com.dsalgo.automation.runners.TestRunner" name="runScenario" time="27.012"/>
  <system-out/>
  <testcase classname="com.dsalgo.automation.runners.TestRunner" name="runScenario" time="17.823"/>
  <system-out/>
  <testcase classname="com.dsalgo.automation.runners.TestRunner" name="runScenario" time="23.187"/>
  <system-out/>
  <testcase classname="com.dsalgo.automation.runners.TestRunner" name="runScenario" time="20.297"/>
  <system-out/>
  <testcase classname="com.dsalgo.automation.runners.TestRunner" name="runScenario" time="36.385">
    <failure message="&quot;Test failed:Page title is not matched with Actual Title expected [doubly linked list] but found [www.javatpoint.com]" type="java.lang.AssertionError">
      <![CDATA[java.lang.AssertionError: "Test failed:Page title is not matched with Actual Title expected [doubly linked list] but found [www.javatpoint.com]
at org.testng.Assert.fail(Assert.java:99)
at org.testng.Assert.failNotEquals(Assert.java:1037)
at org.testng.Assert.assertEqualsImpl(Assert.java:140)
at org.testng.Assert.assertEquals(Assert.java:122)
at org.testng.Assert.assertEquals(Assert.java:629)
at com.dsalgo.automation.stepdefinations.LinkedListStepDef.the_user_should_be_redirected_to_doubly_Linked_List_page(LinkedListStepDef.java:182)
at ✽.The user should be redirected to doubly linked list page(file:///C:/Users/mpore/eclipse-workspace/DSAlgo_March2025/src/test/resources/features/LinkedList.feature:114)
]]>
    </failure>
  </testcase> <!-- runScenario -->
  <system-out/>
  <testcase classname="com.dsalgo.automation.runners.TestRunner" name="runScenario" time="20.852"/>
  <system-out/>
  <testcase classname="com.dsalgo.automation.runners.TestRunner" name="runScenario" time="38.600"/>
  <system-out/>
  <testcase classname="com.dsalgo.automation.runners.TestRunner" name="runScenario" time="28.850"/>
  <system-out/>
  <testcase classname="com.dsalgo.automation.runners.TestRunner" name="runScenario" time="17.912"/>
  <system-out/>
  <testcase classname="com.dsalgo.automation.runners.TestRunner" name="runScenario" time="24.062"/>
  <system-out/>
  <testcase classname="com.dsalgo.automation.runners.TestRunner" name="runScenario" time="13.575"/>
  <system-out/>
  <testcase classname="com.dsalgo.automation.runners.TestRunner" name="runScenario" time="25.749"/>
  <system-out/>
  <testcase classname="com.dsalgo.automation.runners.TestRunner" name="runScenario" time="20.132"/>
  <system-out/>
  <testcase classname="com.dsalgo.automation.runners.TestRunner" name="runScenario" time="17.660"/>
  <system-out/>
  <testcase classname="com.dsalgo.automation.runners.TestRunner" name="runScenario" time="17.078"/>
  <system-out/>
  <testcase classname="com.dsalgo.automation.runners.TestRunner" name="runScenario" time="11.389"/>
  <system-out/>
  <testcase classname="com.dsalgo.automation.runners.TestRunner" name="runScenario" time="16.246"/>
  <system-out/>
  <testcase classname="com.dsalgo.automation.runners.TestRunner" name="runScenario" time="26.919"/>
  <system-out/>
  <testcase classname="com.dsalgo.automation.runners.TestRunner" name="runScenario" time="14.735"/>
  <system-out/>
  <testcase classname="com.dsalgo.automation.runners.TestRunner" name="runScenario" time="11.129"/>
  <system-out/>
  <testcase classname="com.dsalgo.automation.runners.TestRunner" name="runScenario" time="20.813">
    <failure message="&quot;Test failed:Page title is not matched with Actual Title expected [singly linked list] but found [www.javatpoint.com]" type="java.lang.AssertionError">
      <![CDATA[java.lang.AssertionError: "Test failed:Page title is not matched with Actual Title expected [singly linked list] but found [www.javatpoint.com]
at org.testng.Assert.fail(Assert.java:99)
at org.testng.Assert.failNotEquals(Assert.java:1037)
at org.testng.Assert.assertEqualsImpl(Assert.java:140)
at org.testng.Assert.assertEquals(Assert.java:122)
at org.testng.Assert.assertEquals(Assert.java:629)
at com.dsalgo.automation.stepdefinations.LinkedListStepDef.the_user_should_be_redirected_to_singly_Linked_List_page(LinkedListStepDef.java:153)
at ✽.The user should be redirected to singly linked list page(file:///C:/Users/mpore/eclipse-workspace/DSAlgo_March2025/src/test/resources/features/LinkedList.feature:102)
]]>
    </failure>
  </testcase> <!-- runScenario -->
  <system-out/>
  <testcase classname="com.dsalgo.automation.runners.TestRunner" name="runScenario" time="14.289"/>
  <system-out/>
  <testcase classname="com.dsalgo.automation.runners.TestRunner" name="runScenario" time="24.016">
    <failure message="Test case Failed: Out put from console is not matched with the expected output expected [] but found [Submission Successful]" type="java.lang.AssertionError">
      <![CDATA[java.lang.AssertionError: Test case Failed: Out put from console is not matched with the expected output expected [] but found [Submission Successful]
at org.testng.Assert.fail(Assert.java:99)
at org.testng.Assert.failNotEquals(Assert.java:1037)
at org.testng.Assert.assertEqualsImpl(Assert.java:140)
at org.testng.Assert.assertEquals(Assert.java:122)
at org.testng.Assert.assertEquals(Assert.java:629)
at com.dsalgo.automation.stepdefinations.ArrayStepDef.the_user_is_not_able_to_see_Submission_success_message(ArrayStepDef.java:335)
at ✽.The user is not able to see success message Submission successful(file:///C:/Users/mpore/eclipse-workspace/DSAlgo_March2025/src/test/resources/features/Arrays.feature:186)
]]>
    </failure>
  </testcase> <!-- runScenario -->
  <system-out/>
  <testcase classname="com.dsalgo.automation.runners.TestRunner" name="runScenario" time="19.155"/>
  <system-out/>
  <testcase classname="com.dsalgo.automation.runners.TestRunner" name="runScenario" time="20.171"/>
  <system-out/>
  <testcase classname="com.dsalgo.automation.runners.TestRunner" name="runScenario" time="20.135"/>
  <system-out/>
  <testcase classname="com.dsalgo.automation.runners.TestRunner" name="runScenario" time="10.738"/>
  <system-out/>
  <testcase classname="com.dsalgo.automation.runners.TestRunner" name="runScenario" time="23.851"/>
  <system-out/>
  <testcase classname="com.dsalgo.automation.runners.TestRunner" name="runScenario" time="17.528"/>
  <system-out/>
  <testcase classname="com.dsalgo.automation.runners.TestRunner" name="runScenario" time="11.402"/>
  <system-out/>
  <testcase classname="com.dsalgo.automation.runners.TestRunner" name="runScenario" time="24.803"/>
  <system-out/>
  <testcase classname="com.dsalgo.automation.runners.TestRunner" name="runScenario" time="26.423"/>
  <system-out/>
  <testcase classname="com.dsalgo.automation.runners.TestRunner" name="runScenario" time="23.956"/>
  <system-out/>
  <testcase classname="com.dsalgo.automation.runners.TestRunner" name="runScenario" time="27.120"/>
  <system-out/>
  <testcase classname="com.dsalgo.automation.runners.TestRunner" name="runScenario" time="20.417"/>
  <system-out/>
  <testcase classname="com.dsalgo.automation.runners.TestRunner" name="runScenario" time="22.523"/>
  <system-out/>
  <testcase classname="com.dsalgo.automation.runners.TestRunner" name="runScenario" time="30.927"/>
  <system-out/>
  <testcase classname="com.dsalgo.automation.runners.TestRunner" name="runScenario" time="20.858"/>
  <system-out/>
</testsuite> <!-- com.dsalgo.automation.runners.TestRunner -->
