<?xml version="1.0" encoding="UTF-8"?>
<!-- Generated by org.testng.reporters.JUnitReportReporter -->
<testsuite hostname="MadhaviPoreddy" failures="0" tests="3" name="com.dsalgo.automation.runners.TestRunner" time="33.022" errors="0" timestamp="2025-04-21T00:01:32 EDT" skipped="0">
  <testcase classname="com.dsalgo.automation.runners.TestRunner" name="runScenario" time="9.673"/>
  <system-out/>
  <testcase classname="com.dsalgo.automation.runners.TestRunner" name="runScenario" time="13.582"/>
  <system-out/>
  <testcase classname="com.dsalgo.automation.runners.TestRunner" name="runScenario" time="9.767"/>
  <system-out/>
</testsuite> <!-- com.dsalgo.automation.runners.TestRunner -->
